2023.08.10 17:57:35 INFO  Started: Metals version 1.0.0 in folders '/Users/splax/Documents/codes/scala-code/basic-scala-auth' for client Visual Studio Code 1.80.1.[0m
Aug 10, 2023 5:57:35 PM org.flywaydb.core.internal.license.VersionPrinter printVersionOnly
INFO: Flyway Community Edition 9.20.1 by Redgate
Aug 10, 2023 5:57:36 PM org.flywaydb.core.internal.license.VersionPrinter printVersion
INFO: See release notes here: https://rd.gt/416ObMi
Aug 10, 2023 5:57:36 PM org.flywaydb.core.internal.license.VersionPrinter printVersion
INFO: 
Aug 10, 2023 5:57:36 PM org.flywaydb.core.internal.database.base.BaseDatabaseType createDatabase
INFO: Database: jdbc:h2:file:/Users/splax/Documents/codes/scala-code/basic-scala-auth/.metals/metals (H2 2.1)
Aug 10, 2023 5:57:36 PM org.flywaydb.core.internal.schemahistory.JdbcTableSchemaHistory allAppliedMigrations
INFO: Schema history table "PUBLIC"."flyway_schema_history" does not exist yet
Aug 10, 2023 5:57:36 PM org.flywaydb.core.internal.command.DbValidate validate
INFO: Successfully validated 4 migrations (execution time 00:00.017s)
Aug 10, 2023 5:57:36 PM org.flywaydb.core.internal.schemahistory.JdbcTableSchemaHistory create
INFO: Creating Schema History table "PUBLIC"."flyway_schema_history" ...
Aug 10, 2023 5:57:36 PM org.flywaydb.core.internal.command.DbMigrate migrateGroup
INFO: Current version of schema "PUBLIC": << Empty Schema >>
Aug 10, 2023 5:57:36 PM org.flywaydb.core.internal.command.DbMigrate doMigrateGroup
INFO: Migrating schema "PUBLIC" to version "1 - Create tables"
Aug 10, 2023 5:57:36 PM org.flywaydb.core.internal.command.DbMigrate doMigrateGroup
INFO: Migrating schema "PUBLIC" to version "2 - Server discovery"
Aug 10, 2023 5:57:36 PM org.flywaydb.core.internal.command.DbMigrate doMigrateGroup
INFO: Migrating schema "PUBLIC" to version "3 - Jar symbols"
Aug 10, 2023 5:57:36 PM org.flywaydb.core.internal.command.DbMigrate doMigrateGroup
INFO: Migrating schema "PUBLIC" to version "4 - Fingerprints"
Aug 10, 2023 5:57:36 PM org.flywaydb.core.internal.command.DbMigrate logSummary
INFO: Successfully applied 4 migrations to schema "PUBLIC", now at version v4 (execution time 00:00.028s)
2023.08.10 17:57:36 INFO  time: initialize in 0.85s[0m
2023.08.10 17:57:38 WARN  Build server is not auto-connectable.[0m
2023.08.10 17:57:38 WARN  no build target for: /Users/splax/Documents/codes/scala-code/basic-scala-auth/test/controllers/HomeControllerSpec.scala[0m
2023.08.10 17:57:38 WARN  no build target for: /Users/splax/Documents/codes/scala-code/basic-scala-auth/app/controllers/HomeController.scala[0m
2023.08.10 17:57:38 WARN  no build target for: /Users/splax/Documents/codes/scala-code/basic-scala-auth/.g8/form/test/controllers/$model__Camel$ControllerSpec.scala[0m
2023.08.10 17:57:38 WARN  no build target for: /Users/splax/Documents/codes/scala-code/basic-scala-auth/project/plugins.sbt[0m
2023.08.10 17:57:38 WARN  no build target for: /Users/splax/Documents/codes/scala-code/basic-scala-auth/.g8/form/app/controllers/$model__Camel$Controller.scala[0m
2023.08.10 17:57:38 WARN  no build target for: /Users/splax/Documents/codes/scala-code/basic-scala-auth/build.sc[0m
2023.08.10 17:57:38 WARN  no build target for: /Users/splax/Documents/codes/scala-code/basic-scala-auth/build.sbt[0m
2023.08.10 17:57:42 INFO  no build target found for /Users/splax/Documents/codes/scala-code/basic-scala-auth/build.sbt. Using presentation compiler with project's scala-library version: 3.3.0[0m
2023.08.10 17:57:44 INFO  time: code lens generation in 5.05s[0m
2023.08.10 17:58:19 WARN  no build target for: /Users/splax/Documents/codes/scala-code/basic-scala-auth/app/controllers/ApiController.scala[0m
2023.08.10 17:58:24 WARN  no build target for: /Users/splax/Documents/codes/scala-code/basic-scala-auth/app/controllers/ApiController.scala[0m
2023.08.10 18:01:46 WARN  no build target for: /Users/splax/Documents/codes/scala-code/basic-scala-auth/app/controllers/ApiController.scala[0m
2023.08.10 18:09:51 WARN  no build target for: /Users/splax/Documents/codes/scala-code/basic-scala-auth/project/plugins.sbt[0m
2023.08.10 18:09:58 WARN  no build target for: /Users/splax/Documents/codes/scala-code/basic-scala-auth/build.sc[0m
2023.08.10 18:16:56 WARN  no build target for: /Users/splax/Documents/codes/scala-code/basic-scala-auth/app/controllers/ApiController.scala[0m
2023.08.10 18:18:10 WARN  no build target for: /Users/splax/Documents/codes/scala-code/basic-scala-auth/app/models/Post.scala[0m
2023.08.10 18:18:14 WARN  no build target for: /Users/splax/Documents/codes/scala-code/basic-scala-auth/app/models/Post.scala[0m
2023.08.10 18:18:32 WARN  no build target for: /Users/splax/Documents/codes/scala-code/basic-scala-auth/app/models/Comment.scala[0m
2023.08.10 18:18:34 WARN  no build target for: /Users/splax/Documents/codes/scala-code/basic-scala-auth/app/models/Comment.scala[0m
2023.08.10 18:18:58 WARN  no build target for: /Users/splax/Documents/codes/scala-code/basic-scala-auth/app/repositories/DataRepository.scala[0m
2023.08.10 18:19:01 WARN  no build target for: /Users/splax/Documents/codes/scala-code/basic-scala-auth/app/repositories/DataRepository.scala[0m
2023.08.10 18:19:19 WARN  no build target for: /Users/splax/Documents/codes/scala-code/basic-scala-auth/app/controllers/ApiController.scala[0m
2023.08.10 18:19:23 WARN  no build target for: /Users/splax/Documents/codes/scala-code/basic-scala-auth/app/controllers/ApiController.scala[0m
2023.08.10 18:20:51 WARN  no build target for: /Users/splax/Documents/codes/scala-code/basic-scala-auth/app/controllers/ApiController.scala[0m
2023.08.10 18:21:15 WARN  no build target for: /Users/splax/Documents/codes/scala-code/basic-scala-auth/app/models/Comment.scala[0m
2023.08.10 18:22:17 WARN  no build target for: /Users/splax/Documents/codes/scala-code/basic-scala-auth/app/repositories/DataRepository.scala[0m
2023.08.10 18:22:56 WARN  no build target for: /Users/splax/Documents/codes/scala-code/basic-scala-auth/app/models/Comment.scala[0m
2023.08.10 18:23:25 WARN  no build target for: /Users/splax/Documents/codes/scala-code/basic-scala-auth/app/models/Post.scala[0m
2023.08.10 18:23:41 WARN  no build target for: /Users/splax/Documents/codes/scala-code/basic-scala-auth/app/models/Comment.scala[0m
2023.08.10 18:26:32 WARN  no build target for: /Users/splax/Documents/codes/scala-code/basic-scala-auth/app/controllers/ApiController.scala[0m
2023.08.10 18:29:48 WARN  no build target for: /Users/splax/Documents/codes/scala-code/basic-scala-auth/app/controllers/ApiController.scala[0m
2023.08.10 18:30:53 WARN  no build target for: /Users/splax/Documents/codes/scala-code/basic-scala-auth/app/controllers/ApiController.scala[0m
2023.08.10 18:30:56 WARN  no build target for: /Users/splax/Documents/codes/scala-code/basic-scala-auth/app/controllers/ApiController.scala[0m
2023.08.10 18:31:10 WARN  no build target for: /Users/splax/Documents/codes/scala-code/basic-scala-auth/app/controllers/ApiController.scala[0m
2023.08.10 18:32:02 WARN  no build target for: /Users/splax/Documents/codes/scala-code/basic-scala-auth/app/controllers/ApiController.scala[0m
2023.08.10 18:35:38 WARN  no build target for: /Users/splax/Documents/codes/scala-code/basic-scala-auth/app/models/Comment.scala[0m
2023.08.10 18:35:40 WARN  no build target for: /Users/splax/Documents/codes/scala-code/basic-scala-auth/app/models/Post.scala[0m
2023.08.10 18:36:08 WARN  no build target for: /Users/splax/Documents/codes/scala-code/basic-scala-auth/app/models/Comment.scala[0m
2023.08.10 18:36:12 WARN  no build target for: /Users/splax/Documents/codes/scala-code/basic-scala-auth/app/models/Post.scala[0m
2023.08.10 18:41:14 WARN  no build target for: /Users/splax/Documents/codes/scala-code/basic-scala-auth/app/repositories/DataRepository.scala[0m
2023.08.10 18:43:29 WARN  no build target for: /Users/splax/Documents/codes/scala-code/basic-scala-auth/app/controllers/ApiTestController.scala[0m
2023.08.10 18:43:45 WARN  no build target for: /Users/splax/Documents/codes/scala-code/basic-scala-auth/app/controllers/ApiTestController.scala[0m
2023.08.10 18:46:03 WARN  no build target for: /Users/splax/Documents/codes/scala-code/basic-scala-auth/app/controllers/ApiTestController.scala[0m
2023.08.10 18:46:43 WARN  no build target for: /Users/splax/Documents/codes/scala-code/basic-scala-auth/app/repositories/DataRepository.scala[0m
2023.08.10 18:50:40 WARN  no build target for: /Users/splax/Documents/codes/scala-code/basic-scala-auth/build.sc[0m
2023.08.10 18:52:06 WARN  no build target for: /Users/splax/Documents/codes/scala-code/basic-scala-auth/app/controllers/ApiTestController.scala[0m
2023.08.10 18:53:15 WARN  no build target for: /Users/splax/Documents/codes/scala-code/basic-scala-auth/build.sbt[0m
2023.08.10 18:53:34 WARN  no build target for: /Users/splax/Documents/codes/scala-code/basic-scala-auth/build.sbt[0m
2023.08.10 18:54:22 WARN  no build target for: /Users/splax/Documents/codes/scala-code/basic-scala-auth/app/auth/AuthService.scala[0m
2023.08.10 18:54:24 WARN  no build target for: /Users/splax/Documents/codes/scala-code/basic-scala-auth/app/auth/AuthService.scala[0m
2023.08.10 18:55:52 WARN  no build target for: /Users/splax/Documents/codes/scala-code/basic-scala-auth/app/auth/AuthService.scala[0m
2023.08.10 18:56:11 WARN  no build target for: /Users/splax/Documents/codes/scala-code/basic-scala-auth/app/auth/AuthAction.scala[0m
2023.08.10 18:56:27 WARN  no build target for: /Users/splax/Documents/codes/scala-code/basic-scala-auth/app/auth/AuthAction.scala[0m
2023.08.10 18:57:35 WARN  no build target for: /Users/splax/Documents/codes/scala-code/basic-scala-auth/app/controllers/ApiTestController.scala[0m
2023.08.10 19:10:13 WARN  no build target for: /Users/splax/Documents/codes/scala-code/basic-scala-auth/build.sbt[0m
2023.08.10 19:11:04 WARN  no build target for: /Users/splax/Documents/codes/scala-code/basic-scala-auth/app/auth/AuthService.scala[0m
2023.08.10 19:13:35 WARN  no build target for: /Users/splax/Documents/codes/scala-code/basic-scala-auth/app/auth/AuthService.scala[0m
2023.08.10 19:13:38 WARN  no build target for: /Users/splax/Documents/codes/scala-code/basic-scala-auth/app/controllers/ApiTestController.scala[0m
2023.08.10 19:16:22 WARN  no build target for: /Users/splax/Documents/codes/scala-code/basic-scala-auth/build.sbt[0m
Aug 10, 2023 8:21:10 PM org.eclipse.lsp4j.jsonrpc.services.GenericEndpoint notify
INFO: Unsupported notification method: $/setTrace
Aug 10, 2023 8:21:15 PM org.eclipse.lsp4j.jsonrpc.services.GenericEndpoint notify
INFO: Unsupported notification method: $/setTrace
Aug 10, 2023 8:21:20 PM org.eclipse.lsp4j.jsonrpc.services.GenericEndpoint notify
INFO: Unsupported notification method: $/setTrace
2023.08.10 20:41:22 WARN  no build target for: /Users/splax/Documents/codes/scala-code/basic-scala-auth/build.sbt[0m
2023.08.10 20:43:05 WARN  no build target for: /Users/splax/Documents/codes/scala-code/basic-scala-auth/build.sc[0m
2023.08.10 20:43:47 WARN  no build target for: /Users/splax/Documents/codes/scala-code/basic-scala-auth/build.sbt[0m
2023.08.10 20:51:32 WARN  no build target for: /Users/splax/Documents/codes/scala-code/basic-scala-auth/.g8/form/app/controllers/$model__Camel$Controller.scala[0m
2023.08.10 21:17:31 WARN  no build target for: /Users/splax/Documents/codes/scala-code/basic-scala-auth/project/plugins.sbt[0m
Aug 11, 2023 10:47:01 AM org.eclipse.lsp4j.jsonrpc.services.GenericEndpoint notify
INFO: Unsupported notification method: $/setTrace
